0 info it worked if it ends with ok
1 verbose cli [ 'D:\\Program Files\\nodejs\\node.exe',
1 verbose cli   'D:\\Program Files\\nodejs\\node_modules\\npm\\bin\\npm-cli.js',
1 verbose cli   'run-script',
1 verbose cli   'start' ]
2 info using npm@3.10.3
3 info using node@v6.3.1
4 verbose run-script [ 'prestart', 'start', 'poststart' ]
5 info lifecycle BootStrap@0.1.0~prestart: BootStrap@0.1.0
6 silly lifecycle BootStrap@0.1.0~prestart: no script for prestart, continuing
7 info lifecycle BootStrap@0.1.0~start: BootStrap@0.1.0
8 verbose lifecycle BootStrap@0.1.0~start: unsafe-perm in lifecycle true
9 verbose lifecycle BootStrap@0.1.0~start: PATH: D:\Program Files\nodejs\node_modules\npm\bin\node-gyp-bin;D:\code\github\bootstrapTest\node_modules\.bin;D:\Program Files\nodejs;C:\ProgramData\Oracle\Java\javapath;C:\Windows\system32;C:\Windows;C:\Windows\System32\Wbem;C:\Windows\System32\WindowsPowerShell\v1.0\;C:\ProgramData\chocolatey\bin;C:\tools\python2;D:\Program Files\nodejs\;C:\Program Files\Java\jdk1.8.0_101\bin;C:\Program Files\Java\jdk1.8.0_101\jre\bin;D:\sdk\android\sdk\tools;D:\sdk\android\sdk\platform-tools;D:\Program Files\IDM Computer Solutions\UltraEdit;C:\Windows\system32\config\systemprofile\.dnx\bin;C:\Program Files\Microsoft DNX\Dnvm\;C:\Program Files\Microsoft SQL Server\120\Tools\Binn\;C:\Program Files\OpenVPN\bin;C:\Program Files\TortoiseSVN\bin;C:\Users\liwanchong.NAVINFO\AppData\Roaming\npm;C:\Program Files (x86)\SSH Communications Security\SSH Secure Shell
10 verbose lifecycle BootStrap@0.1.0~start: CWD: D:\code\github\bootstrapTest
11 silly lifecycle BootStrap@0.1.0~start: Args: [ '/d /s /c',
11 silly lifecycle   'http-server -a localhost -p 8000 -c-1 ../BOOTSTRAPTEST' ]
12 silly lifecycle BootStrap@0.1.0~start: Returned: code: 1  signal: null
13 info lifecycle BootStrap@0.1.0~start: Failed to exec start script
14 verbose stack Error: BootStrap@0.1.0 start: `http-server -a localhost -p 8000 -c-1 ../BOOTSTRAPTEST`
14 verbose stack Exit status 1
14 verbose stack     at EventEmitter.<anonymous> (D:\Program Files\nodejs\node_modules\npm\lib\utils\lifecycle.js:242:16)
14 verbose stack     at emitTwo (events.js:106:13)
14 verbose stack     at EventEmitter.emit (events.js:191:7)
14 verbose stack     at ChildProcess.<anonymous> (D:\Program Files\nodejs\node_modules\npm\lib\utils\spawn.js:40:14)
14 verbose stack     at emitTwo (events.js:106:13)
14 verbose stack     at ChildProcess.emit (events.js:191:7)
14 verbose stack     at maybeClose (internal/child_process.js:852:16)
14 verbose stack     at Process.ChildProcess._handle.onexit (internal/child_process.js:215:5)
15 verbose pkgid BootStrap@0.1.0
16 verbose cwd D:\code\github\bootstrapTest
17 error Windows_NT 10.0.10586
18 error argv "D:\\Program Files\\nodejs\\node.exe" "D:\\Program Files\\nodejs\\node_modules\\npm\\bin\\npm-cli.js" "run-script" "start"
19 error node v6.3.1
20 error npm  v3.10.3
21 error code ELIFECYCLE
22 error BootStrap@0.1.0 start: `http-server -a localhost -p 8000 -c-1 ../BOOTSTRAPTEST`
22 error Exit status 1
23 error Failed at the BootStrap@0.1.0 start script 'http-server -a localhost -p 8000 -c-1 ../BOOTSTRAPTEST'.
23 error Make sure you have the latest version of node.js and npm installed.
23 error If you do, this is most likely a problem with the BootStrap package,
23 error not with npm itself.
23 error Tell the author that this fails on your system:
23 error     http-server -a localhost -p 8000 -c-1 ../BOOTSTRAPTEST
23 error You can get information on how to open an issue for this project with:
23 error     npm bugs BootStrap
23 error Or if that isn't available, you can get their info via:
23 error     npm owner ls BootStrap
23 error There is likely additional logging output above.
24 verbose exit [ 1, true ]
